2022-10-24 23:05:53,704 interview.performance 14 INFO     0.12293386459350586 /admin/interview/candidate/ {}
2022-10-24 23:05:53,733 interview.performance 14 INFO     0.005017280578613281 /admin/jsi18n/ {}
2022-10-24 23:05:54,939 interview.performance 14 INFO     0.14006590843200684 /admin/interview/candidate/4/change/ {}
2022-10-24 23:05:54,957 interview.performance 14 INFO     0.008517980575561523 /admin/jsi18n/ {}
2022-10-24 23:06:18,746 interview.performance 14 INFO     0.015291929244995117 /admin/ {}
2022-10-24 23:06:19,860 interview.performance 14 INFO     0.029201030731201172 /admin/jobs/job/ {}
2022-10-24 23:06:19,873 interview.performance 14 INFO     0.004104137420654297 /admin/jsi18n/ {}
2022-10-24 23:06:55,392 interview.performance 14 INFO     0.035431861877441406 /admin/ {}
2022-10-24 23:06:57,071 interview.performance 14 INFO     0.03037118911743164 /admin/jobs/resume/ {}
2022-10-24 23:06:57,089 interview.performance 14 INFO     0.007067203521728516 /admin/jsi18n/ {}
2022-10-24 23:06:58,358 interview.performance 14 INFO     0.050653934478759766 /admin/jobs/resume/1/change/ {}
2022-10-24 23:06:58,371 interview.performance 14 INFO     0.004401206970214844 /admin/jsi18n/ {}
2022-10-24 23:06:59,749 interview.performance 14 INFO     0.02488088607788086 /admin/jobs/resume/ {}
2022-10-24 23:07:00,757 interview.performance 14 INFO     0.014845848083496094 /admin/ {}
2022-10-24 23:07:02,523 interview.performance 14 INFO     0.02796196937561035 /admin/jobs/job/ {}
2022-10-24 23:07:02,534 interview.performance 14 INFO     0.0031538009643554688 /admin/jsi18n/ {}
2022-10-24 23:07:03,777 interview.performance 14 INFO     0.03217482566833496 /admin/jobs/job/2/change/ {}
2022-10-24 23:07:03,792 interview.performance 14 INFO     0.006921052932739258 /admin/jsi18n/ {}
2022-10-24 23:07:05,723 interview.performance 14 INFO     0.02668595314025879 /admin/jobs/job/ {}
2022-10-24 23:07:06,528 interview.performance 14 INFO     0.014341115951538086 /admin/ {}
2022-10-24 23:07:10,564 interview.performance 14 INFO     0.005288839340209961 / {}
2022-10-24 23:07:11,991 interview.performance 14 INFO     0.004431962966918945 /job/1/ {}
2022-10-24 23:07:13,325 interview.performance 14 INFO     0.08931708335876465 /resume/add/ {'apply_position': 'sa', 'city': '北京'}
2022-10-24 23:08:13,421 interview.performance 14 INFO     0.004589080810546875 /job/1/ {}
2022-10-24 23:08:14,897 interview.performance 14 INFO     0.019798994064331055 /resume/add/ {'apply_position': 'sa', 'city': '北京'}
2022-10-24 23:09:49,728 interview.performance 14 INFO     0.00485992431640625 /job/1/ {}
2022-10-24 23:10:41,935 interview.performance 14 INFO     0.007591962814331055 /joblist/ {}
2022-10-26 22:28:22,167 interview.performance 14 INFO     0.004831075668334961 /joblist/ {}
2022-10-26 22:28:23,449 interview.performance 14 INFO     0.0044329166412353516 / {}
2022-10-26 22:28:25,688 interview.performance 14 INFO     0.015551090240478516 /admin/ {}
2022-10-26 23:43:27,071 interview.performance 14 INFO     0.036658287048339844 /admin/ {}
2022-10-26 23:43:30,053 interview.performance 14 INFO     0.004161834716796875 // {}
2022-10-26 23:43:39,190 interview.performance 14 INFO     0.005676984786987305 / {}
2022-10-26 23:43:48,805 interview.performance 14 INFO     0.005088090896606445 / {}
2022-10-26 23:54:22,168 interview.performance 14 INFO     0.042688846588134766 / {}
2022-10-26 23:54:54,333 interview.performance 14 INFO     0.04369401931762695 / {}
2022-10-26 23:54:55,444 interview.performance 14 INFO     0.041110992431640625 / {}
2022-10-26 23:55:17,134 interview.performance 14 INFO     0.053762197494506836 / {}
2022-10-26 23:56:18,945 interview.performance 14 INFO     0.011708974838256836 / {}
2022-10-26 23:56:24,230 interview.performance 14 INFO     0.0009772777557373047 /i18n/setlang/ {}
2022-10-26 23:56:24,238 interview.performance 14 INFO     0.0056951045989990234 / {}
2022-10-26 23:56:26,666 interview.performance 14 INFO     0.006059885025024414 / {}
2022-10-26 23:56:27,833 interview.performance 14 INFO     0.0007381439208984375 /i18n/setlang/ {}
2022-10-26 23:56:27,844 interview.performance 14 INFO     0.0076389312744140625 / {}
2022-10-26 23:56:30,777 interview.performance 14 INFO     0.009222030639648438 /i18n/setlang/ {}
2022-10-26 23:56:30,784 interview.performance 14 INFO     0.005580902099609375 / {}
2022-10-26 23:56:35,369 interview.performance 14 INFO     0.0007390975952148438 /i18n/setlang/ {}
2022-10-26 23:56:35,377 interview.performance 14 INFO     0.005583047866821289 / {}
2022-10-26 23:56:36,891 interview.performance 14 INFO     0.005949974060058594 / {}
2022-10-26 23:56:45,859 interview.performance 14 INFO     0.007817983627319336 / {}
2022-10-26 23:56:49,817 interview.performance 14 INFO     0.0064928531646728516 / {}
2022-10-27 00:01:01,445 interview.performance 14 INFO     0.010270118713378906 /i18n/setlang/ {}
2022-10-27 00:01:01,459 interview.performance 14 INFO     0.011565923690795898 / {}
2022-10-27 00:01:15,633 interview.performance 14 INFO     0.005652189254760742 /i18n/setlang/ {}
2022-10-27 00:01:15,642 interview.performance 14 INFO     0.00644993782043457 / {}
2022-10-27 00:03:36,694 interview.performance 14 INFO     0.0032329559326171875 /i18n/setlang/ {}
2022-10-27 00:03:36,705 interview.performance 14 INFO     0.008386850357055664 / {}
2022-10-27 00:03:38,927 interview.performance 14 INFO     0.0022089481353759766 /i18n/setlang/ {}
2022-10-27 00:03:38,935 interview.performance 14 INFO     0.005650997161865234 / {}
2022-10-27 00:03:44,914 interview.performance 14 INFO     0.0007550716400146484 /i18n/setlang/ {}
2022-10-27 00:03:44,921 interview.performance 14 INFO     0.005655050277709961 / {}
2022-10-27 00:03:47,866 interview.performance 14 INFO     0.0009140968322753906 /i18n/setlang/ {}
2022-10-27 00:03:47,874 interview.performance 14 INFO     0.006002902984619141 / {}
2022-10-27 00:03:56,973 interview.performance 14 INFO     0.0008530616760253906 /i18n/setlang/ {}
2022-10-27 00:03:56,981 interview.performance 14 INFO     0.005945682525634766 / {}
2022-10-27 00:04:03,709 interview.performance 14 INFO     0.0008530616760253906 /i18n/setlang/ {}
2022-10-27 00:04:03,717 interview.performance 14 INFO     0.0055389404296875 / {}
2022-10-27 00:04:32,244 interview.performance 14 INFO     0.0008459091186523438 /i18n/setlang/ {}
2022-10-27 00:04:32,253 interview.performance 14 INFO     0.0056917667388916016 / {}
2022-10-27 00:04:53,856 interview.performance 14 INFO     0.02333998680114746 /admin/ {}
2022-10-27 00:05:11,196 interview.performance 14 INFO     0.10886883735656738 /admin/interview/candidate/ {}
2022-10-27 00:05:11,221 interview.performance 14 INFO     0.007611989974975586 /admin/jsi18n/ {}
2022-10-27 00:05:14,669 interview.performance 14 INFO     0.01510000228881836 /admin/ {}
2022-10-27 00:05:17,116 interview.performance 14 INFO     0.025627851486206055 /admin/jobs/resume/ {}
2022-10-27 00:05:17,129 interview.performance 14 INFO     0.0033261775970458984 /admin/jsi18n/ {}
2022-10-27 00:05:50,876 interview.performance 14 INFO     0.012651920318603516 /admin/jobs/ {}
2022-10-27 00:05:52,172 interview.performance 14 INFO     0.02448296546936035 /admin/jobs/resume/ {}
2022-10-27 00:05:52,185 interview.performance 14 INFO     0.0037131309509277344 /admin/jsi18n/ {}
2022-10-27 00:05:53,476 interview.performance 14 INFO     0.012355804443359375 /admin/jobs/ {}
2022-10-27 00:05:54,406 interview.performance 14 INFO     0.040206193923950195 /admin/jobs/job/ {}
2022-10-27 00:05:54,421 interview.performance 14 INFO     0.003860950469970703 /admin/jsi18n/ {}
2022-10-27 00:16:39,901 interview.performance 14 INFO     0.016299009323120117 /admin/ {}
2022-10-27 00:16:43,800 interview.performance 14 INFO     0.005939960479736328 / {}
2022-10-27 00:16:47,041 interview.performance 14 INFO     0.0008921623229980469 /i18n/setlang/ {}
2022-10-27 00:16:47,049 interview.performance 14 INFO     0.005587100982666016 / {}
2022-10-27 00:45:45,267 interview.performance 14 INFO     0.0007638931274414062 /i18n/setlang/ {}
2022-10-27 00:45:45,277 interview.performance 14 INFO     0.005620002746582031 / {}
2022-10-27 00:45:47,484 interview.performance 14 INFO     0.0007538795471191406 /i18n/setlang/ {}
2022-10-27 00:45:47,491 interview.performance 14 INFO     0.005547046661376953 / {}
2022-10-27 00:45:49,619 interview.performance 14 INFO     0.0007581710815429688 /i18n/setlang/ {}
2022-10-27 00:45:49,626 interview.performance 14 INFO     0.005533933639526367 / {}
2022-10-27 00:47:21,666 interview.performance 14 INFO     0.07080078125 /admin/ {}
2022-10-27 00:47:21,729 interview.performance 14 INFO     0.008730173110961914 /favicon.ico {}
2022-11-03 01:22:40,131 interview.performance 14 INFO     0.020753145217895508 / {}
2022-11-03 01:22:42,004 interview.performance 14 INFO     0.011972904205322266 /favicon.ico {}
2022-11-03 01:22:44,321 interview.performance 14 INFO     0.0004429817199707031 /accounts/login {}
2022-11-03 01:22:44,346 interview.performance 14 INFO     0.019147872924804688 /accounts/login/ {}
2022-11-03 01:22:48,682 interview.performance 14 INFO     0.0004570484161376953 /admin {}
2022-11-03 01:22:48,694 interview.performance 14 INFO     0.007411003112792969 /admin/ {}
2022-11-03 01:22:48,792 interview.performance 14 INFO     0.09131908416748047 /admin/login/ {'next': '/admin/'}
2022-11-03 01:22:53,594 interview.performance 14 INFO     0.14938902854919434 /admin/login/ {'next': '/admin/'}
2022-11-03 01:22:53,635 interview.performance 14 INFO     0.035552978515625 /admin/ {}
2022-11-03 01:22:56,807 interview.performance 14 INFO     0.028534889221191406 /admin/jobs/resume/ {}
2022-11-03 01:22:56,866 interview.performance 14 INFO     0.019594907760620117 /admin/jsi18n/ {}
2022-11-03 01:22:57,912 interview.performance 14 INFO     0.016425132751464844 /admin/ {}
2022-11-03 01:23:12,971 interview.performance 14 INFO     0.0004248619079589844 /sentry-debug {}
2022-11-03 01:23:13,064 interview.performance 14 INFO     0.08748483657836914 /sentry-debug/ {}
2022-11-05 09:19:04,234 interview.performance 14 INFO     0.13420486450195312 /admin/interview/candidate/ {}
2022-11-05 09:19:04,289 interview.performance 14 INFO     0.009063959121704102 /admin/jsi18n/ {}
2022-11-05 09:19:18,820 interview.performance 14 INFO     0.06077384948730469 /admin/interview/candidate/ {}
2022-11-05 09:23:54,492 interview.performance 14 INFO     0.017235994338989258 /admin/ {}
2022-11-05 09:23:55,808 interview.performance 14 INFO     0.09984636306762695 /admin/interview/candidate/ {}
2022-11-05 09:23:55,832 interview.performance 14 INFO     0.005615234375 /admin/jsi18n/ {}
2022-11-05 09:23:57,099 interview.performance 14 INFO     0.15629196166992188 /admin/interview/candidate/4/change/ {}
2022-11-05 09:23:57,132 interview.performance 14 INFO     0.010062694549560547 /admin/jsi18n/ {}
2022-11-05 09:23:58,597 interview.performance 14 INFO     0.1210029125213623 /admin/interview/candidate/ {}
2022-11-05 09:23:59,827 interview.performance 14 INFO     0.016032934188842773 /admin/ {}
2022-11-05 09:24:00,944 interview.performance 14 INFO     0.030636072158813477 /admin/jobs/job/ {}
2022-11-05 09:24:00,967 interview.performance 14 INFO     0.005331993103027344 /admin/jsi18n/ {}
2022-11-05 09:24:01,997 interview.performance 14 INFO     0.0347442626953125 /admin/jobs/job/2/change/ {}
2022-11-05 09:24:02,026 interview.performance 14 INFO     0.00887608528137207 /admin/jsi18n/ {}
2022-11-05 09:24:02,644 interview.performance 14 INFO     0.029927968978881836 /admin/jobs/job/ {}
2022-11-05 09:24:03,582 interview.performance 14 INFO     0.0181119441986084 /admin/ {}
2022-11-05 09:24:04,539 interview.performance 14 INFO     0.023376941680908203 /admin/registration/registrationprofile/ {}
2022-11-05 09:24:04,557 interview.performance 14 INFO     0.0047931671142578125 /admin/jsi18n/ {}
2022-11-05 09:24:05,198 interview.performance 14 INFO     0.016411781311035156 /admin/ {}
2022-11-05 09:24:06,290 interview.performance 14 INFO     0.03977799415588379 /admin/auth/user/ {}
2022-11-05 09:24:06,318 interview.performance 14 INFO     0.0062007904052734375 /admin/jsi18n/ {}
2022-11-05 09:24:07,365 interview.performance 14 INFO     0.01590728759765625 /admin/ {}
2022-11-05 09:24:08,347 interview.performance 14 INFO     0.028966188430786133 /admin/auth/group/ {}
2022-11-05 09:24:08,376 interview.performance 14 INFO     0.007564067840576172 /admin/jsi18n/ {}
2022-11-05 09:24:08,967 interview.performance 14 INFO     0.016398906707763672 /admin/ {}
2022-11-05 21:27:34,272 interview.performance 36 INFO     duration:0.04959511756896973 url:/admin/ parameters:{}
2022-11-05 21:27:36,145 interview.performance 36 INFO     duration:0.10022711753845215 url:/admin/interview/candidate/ parameters:{}
2022-11-05 21:27:36,201 interview.performance 36 INFO     duration:0.01418924331665039 url:/admin/jsi18n/ parameters:{}
2022-11-05 21:27:37,608 interview.performance 36 INFO     duration:0.14531564712524414 url:/admin/interview/candidate/4/change/ parameters:{}
2022-11-05 21:27:37,648 interview.performance 36 INFO     duration:0.004602909088134766 url:/admin/jsi18n/ parameters:{}
2022-11-05 21:27:38,359 interview.performance 36 INFO     duration:0.09711098670959473 url:/admin/interview/candidate/ parameters:{}
2022-11-05 21:27:39,575 interview.performance 36 INFO     duration:0.0005788803100585938 url:/resume/1 parameters:{}
2022-11-05 21:27:39,588 interview.performance 36 INFO     duration:0.00681304931640625 url:/resume/1/ parameters:{}
2022-11-05 21:27:42,815 interview.performance 36 INFO     duration:0.016180992126464844 url:/admin/ parameters:{}
2022-11-05 21:27:44,663 interview.performance 36 INFO     duration:0.029079914093017578 url:/admin/jobs/job/ parameters:{}
2022-11-05 21:27:44,690 interview.performance 36 INFO     duration:0.006440877914428711 url:/admin/jsi18n/ parameters:{}
2022-11-05 21:27:45,833 interview.performance 36 INFO     duration:0.032775163650512695 url:/admin/jobs/job/2/change/ parameters:{}
2022-11-05 21:27:45,862 interview.performance 36 INFO     duration:0.008217096328735352 url:/admin/jsi18n/ parameters:{}
2022-11-05 21:27:47,144 interview.performance 36 INFO     duration:0.04278206825256348 url:/admin/jobs/job/ parameters:{}
2022-11-05 21:27:48,185 interview.performance 36 INFO     duration:0.016416072845458984 url:/admin/ parameters:{}
2022-11-05 21:27:49,267 interview.performance 36 INFO     duration:0.029690980911254883 url:/admin/jobs/job/ parameters:{}
2022-11-05 21:27:49,288 interview.performance 36 INFO     duration:0.006695985794067383 url:/admin/jsi18n/ parameters:{}
2022-11-05 21:27:49,902 interview.performance 36 INFO     duration:0.015105962753295898 url:/admin/ parameters:{}
2022-11-05 21:27:50,713 interview.performance 36 INFO     duration:0.02520608901977539 url:/admin/jobs/resume/ parameters:{}
2022-11-05 21:27:50,740 interview.performance 36 INFO     duration:0.007036924362182617 url:/admin/jsi18n/ parameters:{}
2022-11-05 21:27:52,098 interview.performance 36 INFO     duration:0.05913209915161133 url:/admin/jobs/resume/1/change/ parameters:{}
2022-11-05 21:27:52,122 interview.performance 36 INFO     duration:0.007178068161010742 url:/admin/jsi18n/ parameters:{}
2022-11-05 21:27:53,999 interview.performance 36 INFO     duration:0.02663588523864746 url:/admin/jobs/resume/ parameters:{}
2022-11-05 21:27:54,606 interview.performance 36 INFO     duration:0.01561427116394043 url:/admin/ parameters:{}
2022-11-05 21:27:57,174 interview.performance 36 INFO     duration:0.015479087829589844 url:/admin/jobs/ parameters:{}
2022-11-05 21:27:58,294 interview.performance 36 INFO     duration:0.03442502021789551 url:/admin/jobs/job/ parameters:{}
2022-11-05 21:27:58,330 interview.performance 36 INFO     duration:0.005792856216430664 url:/admin/jsi18n/ parameters:{}
2022-11-05 21:27:58,939 interview.performance 36 INFO     duration:0.012944936752319336 url:/admin/jobs/ parameters:{}
2022-11-05 21:27:59,474 interview.performance 36 INFO     duration:0.01482701301574707 url:/admin/ parameters:{}
2022-11-05 21:28:08,494 interview.performance 36 INFO     duration:0.028056859970092773 url:/admin/jobs/job/ parameters:{}
2022-11-05 21:28:08,522 interview.performance 36 INFO     duration:0.005331993103027344 url:/admin/jsi18n/ parameters:{}
2022-11-05 21:28:09,914 interview.performance 36 INFO     duration:0.030859947204589844 url:/admin/jobs/job/2/change/ parameters:{}
2022-11-05 21:28:09,936 interview.performance 36 INFO     duration:0.007182121276855469 url:/admin/jsi18n/ parameters:{}
2022-11-05 21:28:13,115 interview.performance 36 INFO     duration:0.029497146606445312 url:/admin/jobs/job/ parameters:{}
2022-11-05 21:28:13,654 interview.performance 36 INFO     duration:0.018021106719970703 url:/admin/ parameters:{}
2022-11-05 21:28:42,015 interview.performance 36 INFO     duration:0.026529788970947266 url:/admin/jobs/resume/ parameters:{}
2022-11-05 21:28:42,047 interview.performance 36 INFO     duration:0.0063130855560302734 url:/admin/jsi18n/ parameters:{}
2022-11-05 21:28:47,711 interview.performance 36 INFO     duration:0.050369977951049805 url:/admin/jobs/resume/1/change/ parameters:{}
2022-11-05 21:28:47,734 interview.performance 36 INFO     duration:0.007696866989135742 url:/admin/jsi18n/ parameters:{}
2022-11-05 21:29:07,447 interview.performance 36 INFO     duration:0.0012629032135009766 url:/admin/ parameters:{}
2022-11-05 21:29:07,539 interview.performance 36 INFO     duration:0.06433296203613281 url:/admin/login/ parameters:{'next': '/admin/'}
2022-11-05 21:29:07,753 interview.performance 36 INFO     duration:0.04515480995178223 url:/admin/login/ parameters:{'next': '/admin/'}
2022-11-05 21:29:15,374 interview.performance 36 INFO     duration:0.004105806350708008 url:/resume/1/ parameters:{}
2022-11-05 21:29:16,986 interview.performance 36 INFO     duration:0.00684809684753418 url:/admin/login/ parameters:{'next': '/admin/'}
2022-11-05 21:29:20,725 interview.performance 36 INFO     duration:0.005441904067993164 url:/ parameters:{}
2022-11-05 21:29:22,407 interview.performance 36 INFO     duration:0.005785942077636719 url:/job/1/ parameters:{}
2022-11-05 21:29:29,117 interview.performance 36 INFO     duration:0.0006060600280761719 url:/resume/9 parameters:{}
2022-11-05 21:29:29,125 interview.performance 52 WARNING  url:http://127.0.0.1:8000/resume/9/ ** msg:Http404('No 简历 found matching the query') ````Traceback (most recent call last):
  File "/Users/wowking/Documents/git/recruitment/venv/lib/python3.9/site-packages/django/views/generic/detail.py", line 52, in get_object
    obj = queryset.get()
  File "/Users/wowking/Documents/git/recruitment/venv/lib/python3.9/site-packages/django/db/models/query.py", line 439, in get
    raise self.model.DoesNotExist(
jobs.models.Resume.DoesNotExist: Resume matching query does not exist.

During handling of the above exception, another exception occurred:

Traceback (most recent call last):
  File "/Users/wowking/Documents/git/recruitment/venv/lib/python3.9/site-packages/django/core/handlers/base.py", line 181, in _get_response
    response = wrapped_callback(request, *callback_args, **callback_kwargs)
  File "/Users/wowking/Documents/git/recruitment/venv/lib/python3.9/site-packages/sentry_sdk/integrations/django/views.py", line 68, in sentry_wrapped_callback
    return callback(request, *args, **kwargs)
  File "/Users/wowking/Documents/git/recruitment/venv/lib/python3.9/site-packages/django/views/generic/base.py", line 69, in view
    return self.dispatch(request, *args, **kwargs)
  File "/Users/wowking/Documents/git/recruitment/venv/lib/python3.9/site-packages/django/views/generic/base.py", line 101, in dispatch
    return handler(request, *args, **kwargs)
  File "/Users/wowking/Documents/git/recruitment/venv/lib/python3.9/site-packages/django/views/generic/detail.py", line 106, in get
    self.object = self.get_object()
  File "/Users/wowking/Documents/git/recruitment/venv/lib/python3.9/site-packages/django/views/generic/detail.py", line 54, in get_object
    raise Http404(_("No %(verbose_name)s found matching the query") %
django.http.response.Http404: No 简历 found matching the query
````
2022-11-05 21:29:29,346 interview.performance 36 INFO     duration:0.2260129451751709 url:/resume/9/ parameters:{}
2022-11-05 21:32:02,179 interview.performance 52 WARNING  url:http://127.0.0.1:8000/resume/9/ ** msg:Http404('No 简历 found matching the query') ````Traceback (most recent call last):
  File "/Users/wowking/Documents/git/recruitment/venv/lib/python3.9/site-packages/django/views/generic/detail.py", line 52, in get_object
    obj = queryset.get()
  File "/Users/wowking/Documents/git/recruitment/venv/lib/python3.9/site-packages/django/db/models/query.py", line 439, in get
    raise self.model.DoesNotExist(
jobs.models.Resume.DoesNotExist: Resume matching query does not exist.

During handling of the above exception, another exception occurred:

Traceback (most recent call last):
  File "/Users/wowking/Documents/git/recruitment/venv/lib/python3.9/site-packages/django/core/handlers/base.py", line 181, in _get_response
    response = wrapped_callback(request, *callback_args, **callback_kwargs)
  File "/Users/wowking/Documents/git/recruitment/venv/lib/python3.9/site-packages/sentry_sdk/integrations/django/views.py", line 68, in sentry_wrapped_callback
    return callback(request, *args, **kwargs)
  File "/Users/wowking/Documents/git/recruitment/venv/lib/python3.9/site-packages/django/views/generic/base.py", line 69, in view
    return self.dispatch(request, *args, **kwargs)
  File "/Users/wowking/Documents/git/recruitment/venv/lib/python3.9/site-packages/django/views/generic/base.py", line 101, in dispatch
    return handler(request, *args, **kwargs)
  File "/Users/wowking/Documents/git/recruitment/venv/lib/python3.9/site-packages/django/views/generic/detail.py", line 106, in get
    self.object = self.get_object()
  File "/Users/wowking/Documents/git/recruitment/venv/lib/python3.9/site-packages/django/views/generic/detail.py", line 54, in get_object
    raise Http404(_("No %(verbose_name)s found matching the query") %
django.http.response.Http404: No 简历 found matching the query
````
2022-11-05 21:32:02,392 interview.performance 36 INFO     duration:0.21870994567871094 url:/resume/9/ parameters:{}
2022-11-05 21:33:13,227 interview.performance 52 WARNING  url:http://127.0.0.1:8000/resume/9/ ** msg:Http404('No 简历 found matching the query') ````Traceback (most recent call last):
  File "/Users/wowking/Documents/git/recruitment/venv/lib/python3.9/site-packages/django/views/generic/detail.py", line 52, in get_object
    obj = queryset.get()
  File "/Users/wowking/Documents/git/recruitment/venv/lib/python3.9/site-packages/django/db/models/query.py", line 439, in get
    raise self.model.DoesNotExist(
jobs.models.Resume.DoesNotExist: Resume matching query does not exist.

During handling of the above exception, another exception occurred:

Traceback (most recent call last):
  File "/Users/wowking/Documents/git/recruitment/venv/lib/python3.9/site-packages/django/core/handlers/base.py", line 181, in _get_response
    response = wrapped_callback(request, *callback_args, **callback_kwargs)
  File "/Users/wowking/Documents/git/recruitment/venv/lib/python3.9/site-packages/sentry_sdk/integrations/django/views.py", line 68, in sentry_wrapped_callback
    return callback(request, *args, **kwargs)
  File "/Users/wowking/Documents/git/recruitment/venv/lib/python3.9/site-packages/django/views/generic/base.py", line 69, in view
    return self.dispatch(request, *args, **kwargs)
  File "/Users/wowking/Documents/git/recruitment/venv/lib/python3.9/site-packages/django/views/generic/base.py", line 101, in dispatch
    return handler(request, *args, **kwargs)
  File "/Users/wowking/Documents/git/recruitment/venv/lib/python3.9/site-packages/django/views/generic/detail.py", line 106, in get
    self.object = self.get_object()
  File "/Users/wowking/Documents/git/recruitment/venv/lib/python3.9/site-packages/django/views/generic/detail.py", line 54, in get_object
    raise Http404(_("No %(verbose_name)s found matching the query") %
django.http.response.Http404: No 简历 found matching the query
````
2022-11-05 21:33:13,470 interview.performance 36 INFO     duration:0.24863100051879883 url:/resume/9/ parameters:{}
2022-11-05 21:34:07,455 interview.performance 36 INFO     duration:0.008293867111206055 url:/resume/1/ parameters:{}
